::1 - - [03/Oct/2022:12:28:04 +0200] "GET /admin/home?ts=1664792884303 HTTP/1.1" 404 444 "http://localhost:10000/?" "Mozilla/5.0 (X11; Linux x86_64) AppleWebKit/537.36 (KHTML, like Gecko) Chrome/103.0.5060.134 Safari/537.36"
::1 - - [03/Oct/2022:12:28:05 +0200] "GET /admin/students?ts=1664792885566 HTTP/1.1" 500 491 "http://localhost:10000/?" "Mozilla/5.0 (X11; Linux x86_64) AppleWebKit/537.36 (KHTML, like Gecko) Chrome/103.0.5060.134 Safari/537.36"
::1 - - [03/Oct/2022:12:28:06 +0200] "GET /admin/groups?ts=1664792886341 HTTP/1.1" 200 685 "http://localhost:10000/?" "Mozilla/5.0 (X11; Linux x86_64) AppleWebKit/537.36 (KHTML, like Gecko) Chrome/103.0.5060.134 Safari/537.36"
::1 - - [03/Oct/2022:12:28:07 +0200] "GET /admin/students?ts=1664792887420 HTTP/1.1" 200 1115 "http://localhost:10000/?" "Mozilla/5.0 (X11; Linux x86_64) AppleWebKit/537.36 (KHTML, like Gecko) Chrome/103.0.5060.134 Safari/537.36"
::1 - - [03/Oct/2022:12:28:08 +0200] "GET /admin/students?ts=1664792888258 HTTP/1.1" 200 1115 "http://localhost:10000/?" "Mozilla/5.0 (X11; Linux x86_64) AppleWebKit/537.36 (KHTML, like Gecko) Chrome/103.0.5060.134 Safari/537.36"
::1 - - [03/Oct/2022:12:28:09 +0200] "GET /admin/tasks?ts=1664792889043 HTTP/1.1" 200 972 "http://localhost:10000/?" "Mozilla/5.0 (X11; Linux x86_64) AppleWebKit/537.36 (KHTML, like Gecko) Chrome/103.0.5060.134 Safari/537.36"
::1 - - [03/Oct/2022:12:28:09 +0200] "GET /admin/tasks?ts=1664792889635 HTTP/1.1" 200 972 "http://localhost:10000/?" "Mozilla/5.0 (X11; Linux x86_64) AppleWebKit/537.36 (KHTML, like Gecko) Chrome/103.0.5060.134 Safari/537.36"
::1 - - [03/Oct/2022:12:28:10 +0200] "GET /admin/submissions?ts=1664792890219 HTTP/1.1" 200 939 "http://localhost:10000/?" "Mozilla/5.0 (X11; Linux x86_64) AppleWebKit/537.36 (KHTML, like Gecko) Chrome/103.0.5060.134 Safari/537.36"
::1 - - [03/Oct/2022:12:28:12 +0200] "GET /codergame?ts=1664792892242 HTTP/1.1" 200 1407 "http://localhost:10000/home" "Mozilla/5.0 (X11; Linux x86_64) AppleWebKit/537.36 (KHTML, like Gecko) Chrome/103.0.5060.134 Safari/537.36"
::1 - - [03/Oct/2022:12:28:13 +0200] "GET /codergame?ts=1664792893349 HTTP/1.1" 200 1406 "http://localhost:10000/home" "Mozilla/5.0 (X11; Linux x86_64) AppleWebKit/537.36 (KHTML, like Gecko) Chrome/103.0.5060.134 Safari/537.36"
::1 - - [03/Oct/2022:12:28:13 +0200] "GET /codergame?ts=1664792893850 HTTP/1.1" 200 1406 "http://localhost:10000/home" "Mozilla/5.0 (X11; Linux x86_64) AppleWebKit/537.36 (KHTML, like Gecko) Chrome/103.0.5060.134 Safari/537.36"
::1 - - [03/Oct/2022:12:28:14 +0200] "GET /codergame?ts=1664792894037 HTTP/1.1" 200 1406 "http://localhost:10000/home" "Mozilla/5.0 (X11; Linux x86_64) AppleWebKit/537.36 (KHTML, like Gecko) Chrome/103.0.5060.134 Safari/537.36"
::1 - - [03/Oct/2022:12:28:14 +0200] "GET /codergame?ts=1664792894229 HTTP/1.1" 200 1406 "http://localhost:10000/home" "Mozilla/5.0 (X11; Linux x86_64) AppleWebKit/537.36 (KHTML, like Gecko) Chrome/103.0.5060.134 Safari/537.36"
::1 - - [03/Oct/2022:12:28:16 +0200] "GET /codergame?ts=1664792896211 HTTP/1.1" 200 1406 "http://localhost:10000/home" "Mozilla/5.0 (X11; Linux x86_64) AppleWebKit/537.36 (KHTML, like Gecko) Chrome/103.0.5060.134 Safari/537.36"
::1 - - [03/Oct/2022:12:28:17 +0200] "GET /codergame/form/4?ts=1664792897787 HTTP/1.1" 200 1332 "http://localhost:10000/home" "Mozilla/5.0 (X11; Linux x86_64) AppleWebKit/537.36 (KHTML, like Gecko) Chrome/103.0.5060.134 Safari/537.36"
::1 - - [03/Oct/2022:12:28:23 +0200] "POST /codergame/uploadfile HTTP/1.1" 200 588 "http://localhost:10000/home" "Mozilla/5.0 (X11; Linux x86_64) AppleWebKit/537.36 (KHTML, like Gecko) Chrome/103.0.5060.134 Safari/537.36"
::1 - - [03/Oct/2022:12:28:27 +0200] "GET /codergame?ts=1664792907022 HTTP/1.1" 200 1420 "http://localhost:10000/home" "Mozilla/5.0 (X11; Linux x86_64) AppleWebKit/537.36 (KHTML, like Gecko) Chrome/103.0.5060.134 Safari/537.36"
::1 - - [03/Oct/2022:12:29:39 +0200] "GET /codergame/results?ts=1664792979093 HTTP/1.1" 500 491 "http://localhost:10000/?" "Mozilla/5.0 (X11; Linux x86_64) AppleWebKit/537.36 (KHTML, like Gecko) Chrome/103.0.5060.134 Safari/537.36"
::1 - - [03/Oct/2022:12:43:46 +0200] "GET /home HTTP/1.1" 200 1850 "http://localhost:10000/logout" "Mozilla/5.0 (X11; Linux x86_64) AppleWebKit/537.36 (KHTML, like Gecko) Chrome/103.0.5060.134 Safari/537.36"
::1 - - [03/Oct/2022:12:43:47 +0200] "GET /codergame?ts=1664793827252 HTTP/1.1" 200 347 "http://localhost:10000/home" "Mozilla/5.0 (X11; Linux x86_64) AppleWebKit/537.36 (KHTML, like Gecko) Chrome/103.0.5060.134 Safari/537.36"
::1 - - [03/Oct/2022:12:43:48 +0200] "GET /home HTTP/1.1" 200 1849 "http://localhost:10000/logout" "Mozilla/5.0 (X11; Linux x86_64) AppleWebKit/537.36 (KHTML, like Gecko) Chrome/103.0.5060.134 Safari/537.36"
::1 - - [03/Oct/2022:12:43:48 +0200] "GET /codergame?ts=1664793828808 HTTP/1.1" 200 347 "http://localhost:10000/home" "Mozilla/5.0 (X11; Linux x86_64) AppleWebKit/537.36 (KHTML, like Gecko) Chrome/103.0.5060.134 Safari/537.36"
::1 - - [03/Oct/2022:12:43:49 +0200] "GET /codergame?ts=1664793829196 HTTP/1.1" 200 347 "http://localhost:10000/home" "Mozilla/5.0 (X11; Linux x86_64) AppleWebKit/537.36 (KHTML, like Gecko) Chrome/103.0.5060.134 Safari/537.36"
::1 - - [03/Oct/2022:12:43:49 +0200] "GET /logout HTTP/1.1" 200 1795 "http://localhost:10000/home" "Mozilla/5.0 (X11; Linux x86_64) AppleWebKit/537.36 (KHTML, like Gecko) Chrome/103.0.5060.134 Safari/537.36"
::1 - - [03/Oct/2022:12:43:54 +0200] "GET /admin/home?ts=1664793834032 HTTP/1.1" 404 444 "http://localhost:10000/?" "Mozilla/5.0 (X11; Linux x86_64) AppleWebKit/537.36 (KHTML, like Gecko) Chrome/103.0.5060.134 Safari/537.36"
::1 - - [03/Oct/2022:12:43:55 +0200] "GET /admin/students?ts=1664793835195 HTTP/1.1" 500 491 "http://localhost:10000/?" "Mozilla/5.0 (X11; Linux x86_64) AppleWebKit/537.36 (KHTML, like Gecko) Chrome/103.0.5060.134 Safari/537.36"
::1 - - [03/Oct/2022:12:43:55 +0200] "GET /admin/students?ts=1664793835819 HTTP/1.1" 200 675 "http://localhost:10000/?" "Mozilla/5.0 (X11; Linux x86_64) AppleWebKit/537.36 (KHTML, like Gecko) Chrome/103.0.5060.134 Safari/537.36"
::1 - - [03/Oct/2022:12:44:02 +0200] "GET /admin/groups?ts=1664793842359 HTTP/1.1" 200 611 "http://localhost:10000/?" "Mozilla/5.0 (X11; Linux x86_64) AppleWebKit/537.36 (KHTML, like Gecko) Chrome/103.0.5060.134 Safari/537.36"
::1 - - [03/Oct/2022:12:44:04 +0200] "GET /admin/tasks?ts=1664793844388 HTTP/1.1" 200 853 "http://localhost:10000/?" "Mozilla/5.0 (X11; Linux x86_64) AppleWebKit/537.36 (KHTML, like Gecko) Chrome/103.0.5060.134 Safari/537.36"
::1 - - [03/Oct/2022:12:44:10 +0200] "GET /admin/submissions?ts=1664793850723 HTTP/1.1" 200 507 "http://localhost:10000/?" "Mozilla/5.0 (X11; Linux x86_64) AppleWebKit/537.36 (KHTML, like Gecko) Chrome/103.0.5060.134 Safari/537.36"
::1 - - [03/Oct/2022:12:44:12 +0200] "GET /admin/submissions?ts=1664793852399 HTTP/1.1" 200 506 "http://localhost:10000/?" "Mozilla/5.0 (X11; Linux x86_64) AppleWebKit/537.36 (KHTML, like Gecko) Chrome/103.0.5060.134 Safari/537.36"
::1 - - [03/Oct/2022:12:44:12 +0200] "GET /admin/submissions?ts=1664793852908 HTTP/1.1" 200 506 "http://localhost:10000/?" "Mozilla/5.0 (X11; Linux x86_64) AppleWebKit/537.36 (KHTML, like Gecko) Chrome/103.0.5060.134 Safari/537.36"
::1 - - [03/Oct/2022:12:44:13 +0200] "GET /admin/submissions?ts=1664793853110 HTTP/1.1" 200 506 "http://localhost:10000/?" "Mozilla/5.0 (X11; Linux x86_64) AppleWebKit/537.36 (KHTML, like Gecko) Chrome/103.0.5060.134 Safari/537.36"
::1 - - [03/Oct/2022:12:44:13 +0200] "GET /admin/submissions?ts=1664793853316 HTTP/1.1" 200 506 "http://localhost:10000/?" "Mozilla/5.0 (X11; Linux x86_64) AppleWebKit/537.36 (KHTML, like Gecko) Chrome/103.0.5060.134 Safari/537.36"
::1 - - [03/Oct/2022:12:44:14 +0200] "GET /admin/groups?ts=1664793854725 HTTP/1.1" 200 610 "http://localhost:10000/?" "Mozilla/5.0 (X11; Linux x86_64) AppleWebKit/537.36 (KHTML, like Gecko) Chrome/103.0.5060.134 Safari/537.36"
::1 - - [03/Oct/2022:12:44:15 +0200] "GET /admin/students?ts=1664793855541 HTTP/1.1" 200 674 "http://localhost:10000/?" "Mozilla/5.0 (X11; Linux x86_64) AppleWebKit/537.36 (KHTML, like Gecko) Chrome/103.0.5060.134 Safari/537.36"
::1 - - [03/Oct/2022:12:44:38 +0200] "-" 408 0 "-" "-"
::1 - - [03/Oct/2022:12:45:47 +0200] "GET /admin/submissions?ts=1664793947863 HTTP/1.1" 200 507 "http://localhost:10000/?" "Mozilla/5.0 (X11; Linux x86_64) AppleWebKit/537.36 (KHTML, like Gecko) Chrome/103.0.5060.134 Safari/537.36"
::1 - - [03/Oct/2022:12:45:49 +0200] "GET /admin/students?ts=1664793949904 HTTP/1.1" 200 671 "http://localhost:10000/?" "Mozilla/5.0 (X11; Linux x86_64) AppleWebKit/537.36 (KHTML, like Gecko) Chrome/103.0.5060.134 Safari/537.36"
::1 - - [03/Oct/2022:12:45:50 +0200] "GET /admin/students?ts=1664793950621 HTTP/1.1" 200 671 "http://localhost:10000/?" "Mozilla/5.0 (X11; Linux x86_64) AppleWebKit/537.36 (KHTML, like Gecko) Chrome/103.0.5060.134 Safari/537.36"
